2019-10-16 00:00:12,531 INFO [NACOS-PUSH] clientMap size: 2

2019-10-16 00:00:32,533 INFO [NACOS-PUSH] clientMap size: 2

2019-10-16 00:00:52,536 INFO [NACOS-PUSH] clientMap size: 2

2019-10-16 00:01:12,537 INFO [NACOS-PUSH] clientMap size: 2

2019-10-16 00:01:32,542 INFO [NACOS-PUSH] clientMap size: 2

2019-10-16 00:01:52,547 INFO [NACOS-PUSH] clientMap size: 2

2019-10-16 00:02:12,551 INFO [NACOS-PUSH] clientMap size: 2

2019-10-16 00:02:32,552 INFO [NACOS-PUSH] clientMap size: 2

2019-10-16 00:02:52,553 INFO [NACOS-PUSH] clientMap size: 2

2019-10-16 00:03:12,558 INFO [NACOS-PUSH] clientMap size: 2

2019-10-16 00:03:32,560 INFO [NACOS-PUSH] clientMap size: 2

2019-10-16 00:03:52,563 INFO [NACOS-PUSH] clientMap size: 2

2019-10-16 00:04:12,566 INFO [NACOS-PUSH] clientMap size: 2

2019-10-16 00:04:32,570 INFO [NACOS-PUSH] clientMap size: 2

2019-10-16 00:04:52,574 INFO [NACOS-PUSH] clientMap size: 2

2019-10-16 00:05:12,578 INFO [NACOS-PUSH] clientMap size: 2

2019-10-16 00:05:32,582 INFO [NACOS-PUSH] clientMap size: 2

2019-10-16 00:05:52,583 INFO [NACOS-PUSH] clientMap size: 2

2019-10-16 00:06:12,585 INFO [NACOS-PUSH] clientMap size: 2

2019-10-16 00:06:32,591 INFO [NACOS-PUSH] clientMap size: 2

2019-10-16 00:06:52,595 INFO [NACOS-PUSH] clientMap size: 2

2019-10-16 00:07:12,598 INFO [NACOS-PUSH] clientMap size: 2

2019-10-16 00:07:32,602 INFO [NACOS-PUSH] clientMap size: 2

2019-10-16 00:07:52,606 INFO [NACOS-PUSH] clientMap size: 2

2019-10-16 00:08:12,611 INFO [NACOS-PUSH] clientMap size: 2

2019-10-16 00:08:32,612 INFO [NACOS-PUSH] clientMap size: 2

2019-10-16 00:08:52,562 INFO [NACOS-PUSH] clientMap size: 2

2019-10-16 00:09:12,565 INFO [NACOS-PUSH] clientMap size: 2

2019-10-16 00:09:32,569 INFO [NACOS-PUSH] clientMap size: 2

2019-10-16 00:09:52,570 INFO [NACOS-PUSH] clientMap size: 2

2019-10-16 00:10:12,573 INFO [NACOS-PUSH] clientMap size: 2

2019-10-16 00:10:32,577 INFO [NACOS-PUSH] clientMap size: 2

2019-10-16 00:10:52,582 INFO [NACOS-PUSH] clientMap size: 2

2019-10-16 00:11:12,588 INFO [NACOS-PUSH] clientMap size: 2

2019-10-16 00:11:32,592 INFO [NACOS-PUSH] clientMap size: 2

2019-10-16 00:11:52,595 INFO [NACOS-PUSH] clientMap size: 2

2019-10-16 00:12:12,600 INFO [NACOS-PUSH] clientMap size: 2

2019-10-16 00:12:32,604 INFO [NACOS-PUSH] clientMap size: 2

2019-10-16 00:12:52,607 INFO [NACOS-PUSH] clientMap size: 2

2019-10-16 00:13:12,611 INFO [NACOS-PUSH] clientMap size: 2

2019-10-16 00:13:32,615 INFO [NACOS-PUSH] clientMap size: 2

2019-10-16 00:13:52,617 INFO [NACOS-PUSH] clientMap size: 2

2019-10-16 00:14:12,621 INFO [NACOS-PUSH] clientMap size: 2

2019-10-16 00:14:32,624 INFO [NACOS-PUSH] clientMap size: 2

2019-10-16 00:14:52,626 INFO [NACOS-PUSH] clientMap size: 2

2019-10-16 00:15:12,631 INFO [NACOS-PUSH] clientMap size: 2

2019-10-16 00:15:32,635 INFO [NACOS-PUSH] clientMap size: 2

2019-10-16 00:15:52,640 INFO [NACOS-PUSH] clientMap size: 2

2019-10-16 00:16:12,643 INFO [NACOS-PUSH] clientMap size: 2

2019-10-16 00:16:32,646 INFO [NACOS-PUSH] clientMap size: 2

2019-10-16 00:16:52,648 INFO [NACOS-PUSH] clientMap size: 2

2019-10-16 00:17:12,650 INFO [NACOS-PUSH] clientMap size: 2

2019-10-16 00:17:32,653 INFO [NACOS-PUSH] clientMap size: 2

2019-10-16 00:17:52,655 INFO [NACOS-PUSH] clientMap size: 2

2019-10-16 00:18:12,661 INFO [NACOS-PUSH] clientMap size: 2

2019-10-16 00:18:32,665 INFO [NACOS-PUSH] clientMap size: 2

2019-10-16 00:18:52,671 INFO [NACOS-PUSH] clientMap size: 2

2019-10-16 00:19:12,674 INFO [NACOS-PUSH] clientMap size: 2

2019-10-16 00:19:32,678 INFO [NACOS-PUSH] clientMap size: 2

2019-10-16 00:19:52,681 INFO [NACOS-PUSH] clientMap size: 2

2019-10-16 00:20:06,769 INFO DEFAULT_GROUP@@user-center is changed, add it to push queue.

2019-10-16 00:20:06,770 INFO serviceName: DEFAULT_GROUP@@user-center changed, schedule push for: 10.11.22.20:56152, agent: Nacos-Java-Client:v1.1.1, key: 10.11.22.20,56152,128327912857175

2019-10-16 00:20:06,770 INFO send udp packet: 10.11.22.20,56152,128327912857175

2019-10-16 00:20:12,683 INFO [NACOS-PUSH] clientMap size: 2

2019-10-16 00:20:16,774 INFO retry to push data, key: 10.11.22.20,56152,128327912857175

2019-10-16 00:20:16,774 INFO send udp packet: 10.11.22.20,56152,128327912857175

2019-10-16 00:20:26,777 INFO retry to push data, key: 10.11.22.20,56152,128327912857175

2019-10-16 00:20:26,777 WARN max re-push times reached, retry times 2, key: 10.11.22.20,56152,128327912857175

2019-10-16 00:20:32,682 INFO [NACOS-PUSH] clientMap size: 0

2019-10-16 00:20:52,676 INFO [NACOS-PUSH] clientMap size: 0

2019-10-16 00:21:12,678 INFO [NACOS-PUSH] clientMap size: 0

2019-10-16 00:21:32,680 INFO [NACOS-PUSH] clientMap size: 0

2019-10-16 00:21:52,684 INFO [NACOS-PUSH] clientMap size: 0

2019-10-16 00:22:12,688 INFO [NACOS-PUSH] clientMap size: 0

2019-10-16 00:22:32,689 INFO [NACOS-PUSH] clientMap size: 0

2019-10-16 00:22:52,694 INFO [NACOS-PUSH] clientMap size: 0

2019-10-16 00:23:12,699 INFO [NACOS-PUSH] clientMap size: 0

2019-10-16 00:23:32,704 INFO [NACOS-PUSH] clientMap size: 0

2019-10-16 00:23:52,709 INFO [NACOS-PUSH] clientMap size: 0

2019-10-16 00:24:12,712 INFO [NACOS-PUSH] clientMap size: 0

2019-10-16 00:24:32,715 INFO [NACOS-PUSH] clientMap size: 0

2019-10-16 00:24:52,719 INFO [NACOS-PUSH] clientMap size: 0

2019-10-16 00:25:12,721 INFO [NACOS-PUSH] clientMap size: 0

2019-10-16 00:25:32,724 INFO [NACOS-PUSH] clientMap size: 0

2019-10-16 00:25:52,727 INFO [NACOS-PUSH] clientMap size: 0

2019-10-16 00:26:12,730 INFO [NACOS-PUSH] clientMap size: 0

2019-10-16 00:26:32,735 INFO [NACOS-PUSH] clientMap size: 0

2019-10-16 00:26:52,739 INFO [NACOS-PUSH] clientMap size: 0

2019-10-16 00:27:12,745 INFO [NACOS-PUSH] clientMap size: 2

2019-10-16 00:27:12,896 INFO DEFAULT_GROUP@@content-center is changed, add it to push queue.

2019-10-16 00:27:12,896 INFO serviceName: DEFAULT_GROUP@@content-center changed, schedule push for: 192.168.43.54:56095, agent: Nacos-Java-Client:v1.0.0, key: 192.168.43.54,56095,128754043539442

2019-10-16 00:27:12,896 INFO send udp packet: 192.168.43.54,56095,128754043539442

2019-10-16 00:27:12,900 INFO received ack: {"type": "push-ack", "lastRefTime":"128754043539442", "data":""} from: 192.168.43.54:, cost: 56095 ms, unacked: 4, total push: 0

2019-10-16 00:27:32,749 INFO [NACOS-PUSH] clientMap size: 2

2019-10-16 00:27:52,754 INFO [NACOS-PUSH] clientMap size: 2

2019-10-16 00:28:12,759 INFO [NACOS-PUSH] clientMap size: 2

2019-10-16 00:28:32,764 INFO [NACOS-PUSH] clientMap size: 2

2019-10-16 00:28:52,769 INFO [NACOS-PUSH] clientMap size: 2

2019-10-16 00:29:12,773 INFO [NACOS-PUSH] clientMap size: 2

2019-10-16 00:29:32,774 INFO [NACOS-PUSH] clientMap size: 2

2019-10-16 00:29:52,780 INFO [NACOS-PUSH] clientMap size: 2

2019-10-16 00:30:12,785 INFO [NACOS-PUSH] clientMap size: 2

2019-10-16 00:30:32,789 INFO [NACOS-PUSH] clientMap size: 2

2019-10-16 00:30:52,794 INFO [NACOS-PUSH] clientMap size: 2

2019-10-16 00:31:12,799 INFO [NACOS-PUSH] clientMap size: 2

2019-10-16 00:31:32,804 INFO [NACOS-PUSH] clientMap size: 2

2019-10-16 00:31:52,811 INFO [NACOS-PUSH] clientMap size: 2

2019-10-16 00:32:12,816 INFO [NACOS-PUSH] clientMap size: 2

2019-10-16 00:32:32,819 INFO [NACOS-PUSH] clientMap size: 2

2019-10-16 00:32:52,821 INFO [NACOS-PUSH] clientMap size: 2

2019-10-16 00:33:12,824 INFO [NACOS-PUSH] clientMap size: 2

2019-10-16 00:33:32,829 INFO [NACOS-PUSH] clientMap size: 2

2019-10-16 00:33:52,832 INFO [NACOS-PUSH] clientMap size: 2

2019-10-16 00:34:12,833 INFO [NACOS-PUSH] clientMap size: 2

2019-10-16 00:34:32,835 INFO [NACOS-PUSH] clientMap size: 2

2019-10-16 00:34:52,837 INFO [NACOS-PUSH] clientMap size: 2

2019-10-16 00:35:12,842 INFO [NACOS-PUSH] clientMap size: 2

2019-10-16 00:35:32,845 INFO [NACOS-PUSH] clientMap size: 2

2019-10-16 00:35:52,849 INFO [NACOS-PUSH] clientMap size: 2

2019-10-16 00:36:12,855 INFO [NACOS-PUSH] clientMap size: 2

2019-10-16 00:36:32,859 INFO [NACOS-PUSH] clientMap size: 2

2019-10-16 00:36:52,844 INFO [NACOS-PUSH] clientMap size: 2

2019-10-16 00:37:12,843 INFO [NACOS-PUSH] clientMap size: 2

2019-10-16 00:37:32,847 INFO [NACOS-PUSH] clientMap size: 2

2019-10-16 00:37:52,851 INFO [NACOS-PUSH] clientMap size: 2

2019-10-16 00:38:12,856 INFO [NACOS-PUSH] clientMap size: 2

2019-10-16 00:38:32,857 INFO [NACOS-PUSH] clientMap size: 2

2019-10-16 00:38:52,859 INFO [NACOS-PUSH] clientMap size: 2

2019-10-16 00:39:12,864 INFO [NACOS-PUSH] clientMap size: 2

2019-10-16 00:39:32,865 INFO [NACOS-PUSH] clientMap size: 2

2019-10-16 00:39:52,871 INFO [NACOS-PUSH] clientMap size: 2

2019-10-16 00:40:12,875 INFO [NACOS-PUSH] clientMap size: 2

2019-10-16 00:40:32,880 INFO [NACOS-PUSH] clientMap size: 2

2019-10-16 00:40:52,885 INFO [NACOS-PUSH] clientMap size: 2

2019-10-16 00:41:12,890 INFO [NACOS-PUSH] clientMap size: 2

2019-10-16 00:41:32,893 INFO [NACOS-PUSH] clientMap size: 2

2019-10-16 00:41:52,898 INFO [NACOS-PUSH] clientMap size: 2

2019-10-16 00:42:12,900 INFO [NACOS-PUSH] clientMap size: 2

2019-10-16 00:42:32,905 INFO [NACOS-PUSH] clientMap size: 2

2019-10-16 00:42:52,911 INFO [NACOS-PUSH] clientMap size: 2

2019-10-16 00:43:12,916 INFO [NACOS-PUSH] clientMap size: 2

2019-10-16 00:43:32,922 INFO [NACOS-PUSH] clientMap size: 2

2019-10-16 00:43:52,927 INFO [NACOS-PUSH] clientMap size: 2

2019-10-16 00:44:12,931 INFO [NACOS-PUSH] clientMap size: 2

2019-10-16 00:44:32,935 INFO [NACOS-PUSH] clientMap size: 2

2019-10-16 00:44:52,941 INFO [NACOS-PUSH] clientMap size: 2

2019-10-16 00:45:12,947 INFO [NACOS-PUSH] clientMap size: 2

2019-10-16 00:45:32,950 INFO [NACOS-PUSH] clientMap size: 2

2019-10-16 00:45:52,954 INFO [NACOS-PUSH] clientMap size: 2

2019-10-16 00:46:12,959 INFO [NACOS-PUSH] clientMap size: 2

2019-10-16 00:46:32,965 INFO [NACOS-PUSH] clientMap size: 2

2019-10-16 00:46:52,968 INFO [NACOS-PUSH] clientMap size: 2

2019-10-16 00:47:12,973 INFO [NACOS-PUSH] clientMap size: 2

2019-10-16 00:47:32,974 INFO [NACOS-PUSH] clientMap size: 2

2019-10-16 00:47:52,977 INFO [NACOS-PUSH] clientMap size: 2

2019-10-16 00:48:12,979 INFO [NACOS-PUSH] clientMap size: 2

2019-10-16 00:48:32,984 INFO [NACOS-PUSH] clientMap size: 2

2019-10-16 00:48:35,526 INFO DEFAULT_GROUP@@content-center is changed, add it to push queue.

2019-10-16 00:48:35,526 INFO serviceName: DEFAULT_GROUP@@content-center changed, schedule push for: 192.168.43.54:56095, agent: Nacos-Java-Client:v1.0.0, key: 192.168.43.54,56095,130036661241992

2019-10-16 00:48:35,526 INFO send udp packet: 192.168.43.54,56095,130036661241992

2019-10-16 00:48:42,316 INFO DEFAULT_GROUP@@content-center is changed, add it to push queue.

2019-10-16 00:48:42,316 INFO serviceName: DEFAULT_GROUP@@content-center changed, schedule push for: 192.168.43.54:53824, agent: Nacos-Java-Client:v1.0.0, key: 192.168.43.54,53824,130043450971775

2019-10-16 00:48:42,316 INFO send udp packet: 192.168.43.54,53824,130043450971775

2019-10-16 00:48:42,316 INFO serviceName: DEFAULT_GROUP@@content-center changed, schedule push for: 192.168.43.54:56095, agent: Nacos-Java-Client:v1.0.0, key: 192.168.43.54,56095,130043450971775

2019-10-16 00:48:42,316 INFO send udp packet: 192.168.43.54,56095,130043450971775

2019-10-16 00:48:42,319 INFO received ack: {"type": "push-ack", "lastRefTime":"130043450971775", "data":""} from: 192.168.43.54:, cost: 53824 ms, unacked: 3, total push: 2

2019-10-16 00:48:45,530 INFO retry to push data, key: 192.168.43.54,56095,130036661241992

2019-10-16 00:48:45,530 INFO send udp packet: 192.168.43.54,56095,130036661241992

2019-10-16 00:48:52,321 INFO retry to push data, key: 192.168.43.54,56095,130043450971775

2019-10-16 00:48:52,321 INFO send udp packet: 192.168.43.54,56095,130043450971775

2019-10-16 00:48:52,988 INFO [NACOS-PUSH] clientMap size: 2

2019-10-16 00:48:55,534 INFO retry to push data, key: 192.168.43.54,56095,130036661241992

2019-10-16 00:48:55,534 WARN max re-push times reached, retry times 2, key: 192.168.43.54,56095,130036661241992

2019-10-16 00:49:02,326 INFO retry to push data, key: 192.168.43.54,56095,130043450971775

2019-10-16 00:49:02,326 WARN max re-push times reached, retry times 2, key: 192.168.43.54,56095,130043450971775

2019-10-16 00:49:12,991 INFO [NACOS-PUSH] clientMap size: 2

2019-10-16 00:49:32,996 INFO [NACOS-PUSH] clientMap size: 2

2019-10-16 00:49:53,001 INFO [NACOS-PUSH] clientMap size: 2

2019-10-16 00:50:13,007 INFO [NACOS-PUSH] clientMap size: 2

2019-10-16 00:50:33,010 INFO [NACOS-PUSH] clientMap size: 2

2019-10-16 00:50:39,613 INFO DEFAULT_GROUP@@user-center is changed, add it to push queue.

2019-10-16 00:50:39,613 INFO serviceName: DEFAULT_GROUP@@user-center changed, schedule push for: 192.168.43.54:56615, agent: Nacos-Java-Client:v1.1.1, key: 192.168.43.54,56615,130160744520829

2019-10-16 00:50:39,613 INFO send udp packet: 192.168.43.54,56615,130160744520829

2019-10-16 00:50:39,613 INFO serviceName: DEFAULT_GROUP@@user-center changed, schedule push for: 192.168.43.54:53824, agent: Nacos-Java-Client:v1.0.0, key: 192.168.43.54,53824,130160744520829

2019-10-16 00:50:39,613 INFO send udp packet: 192.168.43.54,53824,130160744520829

2019-10-16 00:50:39,615 INFO received ack: {"type": "push-ack", "lastRefTime":"130160744520829", "data":""} from: 192.168.43.54:, cost: 53824 ms, unacked: 2, total push: 1

2019-10-16 00:50:39,617 INFO received ack: {"type": "push-ack", "lastRefTime":"130160744520829", "data":""} from: 192.168.43.54:, cost: 56615 ms, unacked: 4, total push: 0

2019-10-16 00:50:53,016 INFO [NACOS-PUSH] clientMap size: 4

2019-10-16 00:51:13,022 INFO [NACOS-PUSH] clientMap size: 4

2019-10-16 00:51:33,026 INFO [NACOS-PUSH] clientMap size: 4

2019-10-16 00:51:53,031 INFO [NACOS-PUSH] clientMap size: 4

2019-10-16 00:52:13,038 INFO [NACOS-PUSH] clientMap size: 4

2019-10-16 00:52:33,043 INFO [NACOS-PUSH] clientMap size: 4

2019-10-16 00:52:53,049 INFO [NACOS-PUSH] clientMap size: 4

2019-10-16 00:53:13,054 INFO [NACOS-PUSH] clientMap size: 4

2019-10-16 00:53:33,056 INFO [NACOS-PUSH] clientMap size: 4

2019-10-16 00:53:53,059 INFO [NACOS-PUSH] clientMap size: 4

2019-10-16 00:54:13,063 INFO [NACOS-PUSH] clientMap size: 4

2019-10-16 00:54:33,067 INFO [NACOS-PUSH] clientMap size: 4

2019-10-16 00:54:53,073 INFO [NACOS-PUSH] clientMap size: 4

2019-10-16 00:55:13,079 INFO [NACOS-PUSH] clientMap size: 4

2019-10-16 00:55:33,080 INFO [NACOS-PUSH] clientMap size: 4

2019-10-16 00:55:53,084 INFO [NACOS-PUSH] clientMap size: 4

2019-10-16 00:56:13,089 INFO [NACOS-PUSH] clientMap size: 4

2019-10-16 00:56:33,093 INFO [NACOS-PUSH] clientMap size: 4

2019-10-16 00:56:53,099 INFO [NACOS-PUSH] clientMap size: 4

2019-10-16 00:57:13,101 INFO [NACOS-PUSH] clientMap size: 4

2019-10-16 00:57:33,107 INFO [NACOS-PUSH] clientMap size: 4

2019-10-16 00:57:53,117 INFO [NACOS-PUSH] clientMap size: 4

2019-10-16 00:58:13,127 INFO [NACOS-PUSH] clientMap size: 4

2019-10-16 00:58:33,136 INFO [NACOS-PUSH] clientMap size: 4

2019-10-16 00:58:53,147 INFO [NACOS-PUSH] clientMap size: 4

2019-10-16 00:59:13,157 INFO [NACOS-PUSH] clientMap size: 4

2019-10-16 00:59:33,165 INFO [NACOS-PUSH] clientMap size: 4

2019-10-16 00:59:53,169 INFO [NACOS-PUSH] clientMap size: 4

2019-10-16 01:00:13,171 INFO [NACOS-PUSH] clientMap size: 4

2019-10-16 01:00:33,174 INFO [NACOS-PUSH] clientMap size: 4

2019-10-16 01:00:53,177 INFO [NACOS-PUSH] clientMap size: 4

2019-10-16 01:01:13,181 INFO [NACOS-PUSH] clientMap size: 4

2019-10-16 01:01:33,186 INFO [NACOS-PUSH] clientMap size: 4

2019-10-16 01:01:53,191 INFO [NACOS-PUSH] clientMap size: 4

2019-10-16 01:02:13,195 INFO [NACOS-PUSH] clientMap size: 4

2019-10-16 01:02:33,200 INFO [NACOS-PUSH] clientMap size: 4

2019-10-16 01:02:53,204 INFO [NACOS-PUSH] clientMap size: 4

2019-10-16 01:03:13,209 INFO [NACOS-PUSH] clientMap size: 4

2019-10-16 01:03:33,213 INFO [NACOS-PUSH] clientMap size: 4

2019-10-16 01:03:53,217 INFO [NACOS-PUSH] clientMap size: 4

2019-10-16 01:04:13,219 INFO [NACOS-PUSH] clientMap size: 4

2019-10-16 01:04:33,223 INFO [NACOS-PUSH] clientMap size: 4

2019-10-16 01:04:53,228 INFO [NACOS-PUSH] clientMap size: 4

2019-10-16 01:05:13,233 INFO [NACOS-PUSH] clientMap size: 4

2019-10-16 01:05:33,213 INFO [NACOS-PUSH] clientMap size: 4

2019-10-16 01:05:53,209 INFO [NACOS-PUSH] clientMap size: 4

2019-10-16 01:06:13,212 INFO [NACOS-PUSH] clientMap size: 4

2019-10-16 01:06:33,215 INFO [NACOS-PUSH] clientMap size: 4

2019-10-16 01:06:53,220 INFO [NACOS-PUSH] clientMap size: 4

2019-10-16 01:07:13,222 INFO [NACOS-PUSH] clientMap size: 4

